# JRE version: Java(TM) SE Runtime Environment (15.0.1+9) (build 15.0.1+9-18)
# Java VM: Java HotSpot(TM) 64-Bit Server VM (15.0.1+9-18, mixed mode, sharing, tiered, compressed oops, g1 gc, windows-amd64)
GC Precious Log:
 CPUs: 8 total, 8 available
 Memory: 8023M
 Large Page Support: Disabled
 NUMA Support: Disabled
 Compressed Oops: Enabled (32-bit)
 Heap Region Size: 1M
 Heap Min Capacity: 8M
 Heap Initial Capacity: 126M
 Heap Max Capacity: 2006M
 Pre-touch: Disabled
 Parallel Workers: 8
 Concurrent Workers: 2
 Concurrent Refinement Workers: 8
 Periodic GC: Disabled
Heap:
 garbage-first heap   total 134144K, used 75554K [0x0000000082a00000, 0x0000000100000000)
  region size 1024K, 15 young (15360K), 2 survivors (2048K)
 Metaspace       used 28434K, capacity 29114K, committed 29232K, reserved 1075200K
  class space    used 2950K, capacity 3137K, committed 3200K, reserved 1048576K
GC Heap History (20 events):
Event: 22.550 GC heap before
{Heap before GC invocations=5 (full 0):
 garbage-first heap   total 129024K, used 89788K [0x0000000082a00000, 0x0000000100000000)
  region size 1024K, 75 young (76800K), 8 survivors (8192K)
 Metaspace       used 18489K, capacity 19061K, committed 19328K, reserved 1067008K
  class space    used 1925K, capacity 2090K, committed 2176K, reserved 1048576K
}
Event: 22.566 GC heap after
{Heap after GC invocations=6 (full 0):
 garbage-first heap   total 129024K, used 20660K [0x0000000082a00000, 0x0000000100000000)
  region size 1024K, 4 young (4096K), 4 survivors (4096K)
 Metaspace       used 18489K, capacity 19061K, committed 19328K, reserved 1067008K
  class space    used 1925K, capacity 2090K, committed 2176K, reserved 1048576K
}
Event: 22.835 GC heap before
{Heap before GC invocations=6 (full 0):
 garbage-first heap   total 129024K, used 21684K [0x0000000082a00000, 0x0000000100000000)
  region size 1024K, 6 young (6144K), 4 survivors (4096K)
 Metaspace       used 20602K, capacity 21188K, committed 21296K, reserved 1069056K
  class space    used 2212K, capacity 2399K, committed 2432K, reserved 1048576K
}
Event: 22.844 GC heap after
{Heap after GC invocations=7 (full 0):
 garbage-first heap   total 129024K, used 20782K [0x0000000082a00000, 0x0000000100000000)
  region size 1024K, 4 young (4096K), 4 survivors (4096K)
 Metaspace       used 20602K, capacity 21188K, committed 21296K, reserved 1069056K
  class space    used 2212K, capacity 2399K, committed 2432K, reserved 1048576K
}
Event: 24.488 GC heap before
{Heap before GC invocations=8 (full 0):
 garbage-first heap   total 75776K, used 63790K [0x0000000082a00000, 0x0000000100000000)
  region size 1024K, 44 young (45056K), 4 survivors (4096K)
 Metaspace       used 25024K, capacity 25652K, committed 25904K, reserved 1073152K
  class space    used 2672K, capacity 2859K, committed 2944K, reserved 1048576K
}
Event: 24.524 GC heap after
{Heap after GC invocations=9 (full 0):
 garbage-first heap   total 80896K, used 34942K [0x0000000082a00000, 0x0000000100000000)
  region size 1024K, 6 young (6144K), 6 survivors (6144K)
 Metaspace       used 25024K, capacity 25652K, committed 25904K, reserved 1073152K
  class space    used 2672K, capacity 2859K, committed 2944K, reserved 1048576K
}
Event: 24.873 GC heap before
{Heap before GC invocations=10 (full 0):
 garbage-first heap   total 92160K, used 60542K [0x0000000082a00000, 0x0000000100000000)
  region size 1024K, 32 young (32768K), 6 survivors (6144K)
 Metaspace       used 25058K, capacity 25716K, committed 25904K, reserved 1073152K
  class space    used 2672K, capacity 2859K, committed 2944K, reserved 1048576K
}
Event: 24.885 GC heap after
{Heap after GC invocations=11 (full 0):
 garbage-first heap   total 92160K, used 37461K [0x0000000082a00000, 0x0000000100000000)
  region size 1024K, 3 young (3072K), 3 survivors (3072K)
 Metaspace       used 25058K, capacity 25716K, committed 25904K, reserved 1073152K
  class space    used 2672K, capacity 2859K, committed 2944K, reserved 1048576K
}
Event: 26.105 GC heap before
{Heap before GC invocations=11 (full 0):
 garbage-first heap   total 92160K, used 71253K [0x0000000082a00000, 0x0000000100000000)
  region size 1024K, 35 young (35840K), 3 survivors (3072K)
 Metaspace       used 25115K, capacity 25780K, committed 25904K, reserved 1073152K
  class space    used 2672K, capacity 2859K, committed 2944K, reserved 1048576K
}
Event: 26.124 GC heap after
{Heap after GC invocations=12 (full 0):
 garbage-first heap   total 92160K, used 46894K [0x0000000082a00000, 0x0000000100000000)
  region size 1024K, 5 young (5120K), 5 survivors (5120K)
 Metaspace       used 25115K, capacity 25780K, committed 25904K, reserved 1073152K
  class space    used 2672K, capacity 2859K, committed 2944K, reserved 1048576K
}
Event: 26.957 GC heap before
{Heap before GC invocations=12 (full 0):
 garbage-first heap   total 92160K, used 69422K [0x0000000082a00000, 0x0000000100000000)
  region size 1024K, 28 young (28672K), 5 survivors (5120K)
 Metaspace       used 25675K, capacity 26302K, committed 26416K, reserved 1073152K
  class space    used 2729K, capacity 2926K, committed 2944K, reserved 1048576K
}
Event: 26.983 GC heap after
{Heap after GC invocations=13 (full 0):
 garbage-first heap   total 92160K, used 51970K [0x0000000082a00000, 0x0000000100000000)
  region size 1024K, 4 young (4096K), 4 survivors (4096K)
 Metaspace       used 25675K, capacity 26302K, committed 26416K, reserved 1073152K
  class space    used 2729K, capacity 2926K, committed 2944K, reserved 1048576K
}
Event: 27.370 GC heap before
{Heap before GC invocations=14 (full 0):
 garbage-first heap   total 92160K, used 65282K [0x0000000082a00000, 0x0000000100000000)
  region size 1024K, 18 young (18432K), 4 survivors (4096K)
 Metaspace       used 25908K, capacity 26559K, committed 26672K, reserved 1073152K
  class space    used 2733K, capacity 2926K, committed 2944K, reserved 1048576K
}
Event: 27.388 GC heap after
{Heap after GC invocations=15 (full 0):
 garbage-first heap   total 92160K, used 54964K [0x0000000082a00000, 0x0000000100000000)
  region size 1024K, 3 young (3072K), 3 survivors (3072K)
 Metaspace       used 25908K, capacity 26559K, committed 26672K, reserved 1073152K
  class space    used 2733K, capacity 2926K, committed 2944K, reserved 1048576K
}
Event: 28.030 GC heap before
{Heap before GC invocations=16 (full 0):
 garbage-first heap   total 99328K, used 73396K [0x0000000082a00000, 0x0000000100000000)
  region size 1024K, 20 young (20480K), 3 survivors (3072K)
 Metaspace       used 26079K, capacity 26751K, committed 26928K, reserved 1073152K
  class space    used 2736K, capacity 2926K, committed 2944K, reserved 1048576K
}
Event: 28.051 GC heap after
{Heap after GC invocations=17 (full 0):
 garbage-first heap   total 99328K, used 59458K [0x0000000082a00000, 0x0000000100000000)
  region size 1024K, 3 young (3072K), 3 survivors (3072K)
 Metaspace       used 26079K, capacity 26751K, committed 26928K, reserved 1073152K
  class space    used 2736K, capacity 2926K, committed 2944K, reserved 1048576K
}
Event: 28.697 GC heap before
{Heap before GC invocations=17 (full 0):
 garbage-first heap   total 99328K, used 77890K [0x0000000082a00000, 0x0000000100000000)
  region size 1024K, 21 young (21504K), 3 survivors (3072K)
 Metaspace       used 26756K, capacity 27423K, committed 27568K, reserved 1073152K
  class space    used 2773K, capacity 2958K, committed 3072K, reserved 1048576K
}
Event: 28.719 GC heap after
{Heap after GC invocations=18 (full 0):
 garbage-first heap   total 99328K, used 61065K [0x0000000082a00000, 0x0000000100000000)
  region size 1024K, 2 young (2048K), 2 survivors (2048K)
 Metaspace       used 26756K, capacity 27423K, committed 27568K, reserved 1073152K
  class space    used 2773K, capacity 2958K, committed 3072K, reserved 1048576K
}
Event: 29.357 GC heap before
{Heap before GC invocations=19 (full 0):
 garbage-first heap   total 111616K, used 77449K [0x0000000082a00000, 0x0000000100000000)
  region size 1024K, 19 young (19456K), 2 survivors (2048K)
 Metaspace       used 27317K, capacity 28002K, committed 28080K, reserved 1075200K
  class space    used 2833K, capacity 3023K, committed 3072K, reserved 1048576K
}
Event: 29.372 GC heap after
{Heap after GC invocations=20 (full 0):
 garbage-first heap   total 134144K, used 61218K [0x0000000082a00000, 0x0000000100000000)
  region size 1024K, 2 young (2048K), 2 survivors (2048K)
 Metaspace       used 27317K, capacity 28002K, committed 28080K, reserved 1075200K
  class space    used 2833K, capacity 3023K, committed 3072K, reserved 1048576K
}

